<?xml version="1.0" encoding="UTF-8"?>
<testsuite xmlns:xsi="http://www.w3.org/2001/XMLSchema-instance" xsi:schemaLocation="https://maven.apache.org/surefire/maven-surefire-plugin/xsd/surefire-test-report.xsd" name="com.mycompany.flooringmaster.daos.OrdersDaoFileImplTest" time="0.446" tests="8" errors="0" skipped="0" failures="0">
  <properties>
[...]
</properties>
  <testcase name="testAddOrderGoldenPath" classname="com.mycompany.flooringmaster.daos.OrdersDaoFileImplTest" time="0.325"/>
  <testcase name="testRemoveGoldenPath" classname="com.mycompany.flooringmaster.daos.OrdersDaoFileImplTest" time="0.019"/>
  <testcase name="testEditOrderGoldenPath" classname="com.mycompany.flooringmaster.daos.OrdersDaoFileImplTest" time="0.015"/>
  <testcase name="testGetOrdersByDateNoOrders" classname="com.mycompany.flooringmaster.daos.OrdersDaoFileImplTest" time="0.005"/>
  <testcase name="testGetOrdersByDateGolenPath" classname="com.mycompany.flooringmaster.daos.OrdersDaoFileImplTest" time="0.011"/>
  <testcase name="testEditNullOrder" classname="com.mycompany.flooringmaster.daos.OrdersDaoFileImplTest" time="0.018"/>
  <testcase name="testGetOrdersByDateNullDate" classname="com.mycompany.flooringmaster.daos.OrdersDaoFileImplTest" time="0.023"/>
  <testcase name="testAddOrderNullInput" classname="com.mycompany.flooringmaster.daos.OrdersDaoFileImplTest" time="0.007"/>
</testsuite>